0 info it worked if it ends with ok
1 verbose cli [ '/usr/local/bin/node',
1 verbose cli   '/usr/local/bin/npm',
1 verbose cli   'install',
1 verbose cli   'audiolib',
1 verbose cli   '--save' ]
2 info using npm@3.10.8
3 info using node@v4.5.0
4 silly loadCurrentTree Starting
5 silly install loadCurrentTree
6 silly install readLocalPackageData
7 silly fetchPackageMetaData audiolib
8 silly fetchNamedPackageData audiolib
9 silly mapToRegistry name audiolib
10 silly mapToRegistry using default registry
11 silly mapToRegistry registry https://registry.npmjs.org/
12 silly mapToRegistry data Result {
12 silly mapToRegistry   raw: 'audiolib',
12 silly mapToRegistry   scope: null,
12 silly mapToRegistry   escapedName: 'audiolib',
12 silly mapToRegistry   name: 'audiolib',
12 silly mapToRegistry   rawSpec: '',
12 silly mapToRegistry   spec: 'latest',
12 silly mapToRegistry   type: 'tag' }
13 silly mapToRegistry uri https://registry.npmjs.org/audiolib
14 verbose request uri https://registry.npmjs.org/audiolib
15 verbose request no auth needed
16 info attempt registry request try #1 at 1:31:49 PM
17 verbose request id 137110605aa23905
18 verbose etag W/"57f92e7e-e2b8"
19 verbose lastModified Sat, 08 Oct 2016 17:35:58 GMT
20 http request GET https://registry.npmjs.org/audiolib
21 http 304 https://registry.npmjs.org/audiolib
22 verbose headers { date: 'Wed, 23 Nov 2016 19:31:49 GMT',
22 verbose headers   via: '1.1 varnish',
22 verbose headers   'cache-control': 'max-age=300',
22 verbose headers   etag: 'W/"57f92e7e-e2b8"',
22 verbose headers   age: '27',
22 verbose headers   connection: 'keep-alive',
22 verbose headers   'x-served-by': 'cache-ord1743-ORD',
22 verbose headers   'x-cache': 'HIT',
22 verbose headers   'x-cache-hits': '1',
22 verbose headers   'x-timer': 'S1479929509.686719,VS0,VE0',
22 verbose headers   vary: 'Accept-Encoding' }
23 silly get cb [ 304,
23 silly get   { date: 'Wed, 23 Nov 2016 19:31:49 GMT',
23 silly get     via: '1.1 varnish',
23 silly get     'cache-control': 'max-age=300',
23 silly get     etag: 'W/"57f92e7e-e2b8"',
23 silly get     age: '27',
23 silly get     connection: 'keep-alive',
23 silly get     'x-served-by': 'cache-ord1743-ORD',
23 silly get     'x-cache': 'HIT',
23 silly get     'x-cache-hits': '1',
23 silly get     'x-timer': 'S1479929509.686719,VS0,VE0',
23 silly get     vary: 'Accept-Encoding' } ]
24 verbose etag https://registry.npmjs.org/audiolib from cache
25 verbose get saving audiolib to /home/sasidharan/.npm/registry.npmjs.org/audiolib/.cache.json
26 verbose correctMkdir /home/sasidharan/.npm correctMkdir not in flight; initializing
27 silly install normalizeTree
28 silly loadCurrentTree Finishing
29 silly loadIdealTree Starting
30 silly install loadIdealTree
31 silly cloneCurrentTree Starting
32 silly install cloneCurrentTreeToIdealTree
33 silly cloneCurrentTree Finishing
34 silly loadShrinkwrap Starting
35 silly install loadShrinkwrap
36 silly loadShrinkwrap Finishing
37 silly loadAllDepsIntoIdealTree Starting
38 silly install loadAllDepsIntoIdealTree
39 silly resolveWithNewModule audiolib@0.6.6 checking installable status
40 silly cache add args [ 'audiolib', null ]
41 verbose cache add spec audiolib
42 silly cache add parsed spec Result {
42 silly cache add   raw: 'audiolib',
42 silly cache add   scope: null,
42 silly cache add   escapedName: 'audiolib',
42 silly cache add   name: 'audiolib',
42 silly cache add   rawSpec: '',
42 silly cache add   spec: 'latest',
42 silly cache add   type: 'tag' }
43 silly addNamed audiolib@latest
44 verbose addNamed "latest" is being treated as a dist-tag for audiolib
45 info addNameTag [ 'audiolib', 'latest' ]
46 silly mapToRegistry name audiolib
47 silly mapToRegistry using default registry
48 silly mapToRegistry registry https://registry.npmjs.org/
49 silly mapToRegistry data Result {
49 silly mapToRegistry   raw: 'audiolib',
49 silly mapToRegistry   scope: null,
49 silly mapToRegistry   escapedName: 'audiolib',
49 silly mapToRegistry   name: 'audiolib',
49 silly mapToRegistry   rawSpec: '',
49 silly mapToRegistry   spec: 'latest',
49 silly mapToRegistry   type: 'tag' }
50 silly mapToRegistry uri https://registry.npmjs.org/audiolib
51 verbose addNameTag registry:https://registry.npmjs.org/audiolib not in flight; fetching
52 verbose get https://registry.npmjs.org/audiolib not expired, no request
53 silly addNameTag next cb for audiolib with tag latest
54 silly addNamed audiolib@0.6.6
55 verbose addNamed "0.6.6" is a plain semver version for audiolib
56 silly cache afterAdd audiolib@0.6.6
57 verbose afterAdd /home/sasidharan/.npm/audiolib/0.6.6/package/package.json not in flight; writing
58 verbose correctMkdir /home/sasidharan/.npm correctMkdir not in flight; initializing
59 verbose afterAdd /home/sasidharan/.npm/audiolib/0.6.6/package/package.json written
60 silly fetchNamedPackageData cubeb
61 silly mapToRegistry name cubeb
62 silly mapToRegistry using default registry
63 silly mapToRegistry registry https://registry.npmjs.org/
64 silly mapToRegistry data Result {
64 silly mapToRegistry   raw: 'cubeb',
64 silly mapToRegistry   scope: null,
64 silly mapToRegistry   escapedName: 'cubeb',
64 silly mapToRegistry   name: 'cubeb',
64 silly mapToRegistry   rawSpec: '',
64 silly mapToRegistry   spec: 'latest',
64 silly mapToRegistry   type: 'tag' }
65 silly mapToRegistry uri https://registry.npmjs.org/cubeb
66 verbose request uri https://registry.npmjs.org/cubeb
67 verbose request no auth needed
68 info attempt registry request try #1 at 1:31:49 PM
69 verbose etag W/"52230c5c-3353"
70 verbose lastModified Sun, 01 Sep 2013 09:43:56 GMT
71 http request GET https://registry.npmjs.org/cubeb
72 http 304 https://registry.npmjs.org/cubeb
73 verbose headers { date: 'Wed, 23 Nov 2016 19:31:49 GMT',
73 verbose headers   via: '1.1 varnish',
73 verbose headers   'cache-control': 'max-age=300',
73 verbose headers   etag: 'W/"52230c5c-3353"',
73 verbose headers   age: '27',
73 verbose headers   connection: 'keep-alive',
73 verbose headers   'x-served-by': 'cache-ord1743-ORD',
73 verbose headers   'x-cache': 'HIT',
73 verbose headers   'x-cache-hits': '1',
73 verbose headers   'x-timer': 'S1479929509.984448,VS0,VE0',
73 verbose headers   vary: 'Accept-Encoding' }
74 silly get cb [ 304,
74 silly get   { date: 'Wed, 23 Nov 2016 19:31:49 GMT',
74 silly get     via: '1.1 varnish',
74 silly get     'cache-control': 'max-age=300',
74 silly get     etag: 'W/"52230c5c-3353"',
74 silly get     age: '27',
74 silly get     connection: 'keep-alive',
74 silly get     'x-served-by': 'cache-ord1743-ORD',
74 silly get     'x-cache': 'HIT',
74 silly get     'x-cache-hits': '1',
74 silly get     'x-timer': 'S1479929509.984448,VS0,VE0',
74 silly get     vary: 'Accept-Encoding' } ]
75 verbose etag https://registry.npmjs.org/cubeb from cache
76 verbose get saving cubeb to /home/sasidharan/.npm/registry.npmjs.org/cubeb/.cache.json
77 verbose correctMkdir /home/sasidharan/.npm correctMkdir not in flight; initializing
78 silly resolveWithNewModule cubeb@0.2.0 checking installable status
79 silly cache add args [ 'cubeb@0.2.x', null ]
80 verbose cache add spec cubeb@0.2.x
81 silly cache add parsed spec Result {
81 silly cache add   raw: 'cubeb@0.2.x',
81 silly cache add   scope: null,
81 silly cache add   escapedName: 'cubeb',
81 silly cache add   name: 'cubeb',
81 silly cache add   rawSpec: '0.2.x',
81 silly cache add   spec: '>=0.2.0 <0.3.0',
81 silly cache add   type: 'range' }
82 silly addNamed cubeb@>=0.2.0 <0.3.0
83 verbose addNamed ">=0.2.0 <0.3.0" is a valid semver range for cubeb
84 silly addNameRange { name: 'cubeb', range: '>=0.2.0 <0.3.0', hasData: false }
85 silly mapToRegistry name cubeb
86 silly mapToRegistry using default registry
87 silly mapToRegistry registry https://registry.npmjs.org/
88 silly mapToRegistry data Result {
88 silly mapToRegistry   raw: 'cubeb',
88 silly mapToRegistry   scope: null,
88 silly mapToRegistry   escapedName: 'cubeb',
88 silly mapToRegistry   name: 'cubeb',
88 silly mapToRegistry   rawSpec: '',
88 silly mapToRegistry   spec: 'latest',
88 silly mapToRegistry   type: 'tag' }
89 silly mapToRegistry uri https://registry.npmjs.org/cubeb
90 verbose addNameRange registry:https://registry.npmjs.org/cubeb not in flight; fetching
91 verbose get https://registry.npmjs.org/cubeb not expired, no request
92 silly addNameRange number 2 { name: 'cubeb', range: '>=0.2.0 <0.3.0', hasData: true }
93 silly addNameRange versions [ 'cubeb', [ '0.1.0', '0.1.1', '0.1.2', '0.2.0' ] ]
94 silly addNamed cubeb@0.2.0
95 verbose addNamed "0.2.0" is a plain semver version for cubeb
96 silly cache afterAdd cubeb@0.2.0
97 verbose afterAdd /home/sasidharan/.npm/cubeb/0.2.0/package/package.json not in flight; writing
98 verbose correctMkdir /home/sasidharan/.npm correctMkdir not in flight; initializing
99 verbose afterAdd /home/sasidharan/.npm/cubeb/0.2.0/package/package.json written
100 silly fetchOtherPackageData fsevents@github:pipobscure/fsevents#7dcdf9fa3f8956610fd6f69f72c67bace2de7138
101 silly cache add args [ 'fsevents@github:pipobscure/fsevents#7dcdf9fa3f8956610fd6f69f72c67bace2de7138',
101 silly cache add   null ]
102 verbose cache add spec fsevents@github:pipobscure/fsevents#7dcdf9fa3f8956610fd6f69f72c67bace2de7138
103 silly cache add parsed spec Result {
103 silly cache add   raw: 'fsevents@github:pipobscure/fsevents#7dcdf9fa3f8956610fd6f69f72c67bace2de7138',
103 silly cache add   scope: null,
103 silly cache add   escapedName: 'fsevents',
103 silly cache add   name: 'fsevents',
103 silly cache add   rawSpec: 'github:pipobscure/fsevents#7dcdf9fa3f8956610fd6f69f72c67bace2de7138',
103 silly cache add   spec: 'github:pipobscure/fsevents#7dcdf9fa3f8956610fd6f69f72c67bace2de7138',
103 silly cache add   type: 'hosted',
103 silly cache add   hosted:
103 silly cache add    { type: 'github',
103 silly cache add      ssh: 'git@github.com:pipobscure/fsevents.git#7dcdf9fa3f8956610fd6f69f72c67bace2de7138',
103 silly cache add      sshUrl: 'git+ssh://git@github.com/pipobscure/fsevents.git#7dcdf9fa3f8956610fd6f69f72c67bace2de7138',
103 silly cache add      httpsUrl: 'git+https://github.com/pipobscure/fsevents.git#7dcdf9fa3f8956610fd6f69f72c67bace2de7138',
103 silly cache add      gitUrl: 'git://github.com/pipobscure/fsevents.git#7dcdf9fa3f8956610fd6f69f72c67bace2de7138',
103 silly cache add      shortcut: 'github:pipobscure/fsevents#7dcdf9fa3f8956610fd6f69f72c67bace2de7138',
103 silly cache add      directUrl: 'https://raw.githubusercontent.com/pipobscure/fsevents/7dcdf9fa3f8956610fd6f69f72c67bace2de7138/package.json' } }
104 verbose addRemoteGit caching github:pipobscure/fsevents#7dcdf9fa3f8956610fd6f69f72c67bace2de7138
105 verbose addRemoteGit pipobscure/fsevents#7dcdf9fa3f8956610fd6f69f72c67bace2de7138 is a repository hosted by github
106 silly tryGitProto attempting to clone git://github.com/pipobscure/fsevents.git#7dcdf9fa3f8956610fd6f69f72c67bace2de7138
107 silly tryClone cloning pipobscure/fsevents#7dcdf9fa3f8956610fd6f69f72c67bace2de7138 via git://github.com/pipobscure/fsevents.git#7dcdf9fa3f8956610fd6f69f72c67bace2de7138
108 verbose tryClone git-github-com-pipobscure-fsevents-git-7dcdf9fa3f8956610fd6f69f72c67bace2de7138-40e7e494 not in flight; caching
109 verbose correctMkdir /home/sasidharan/.npm/_git-remotes correctMkdir not in flight; initializing
110 info git [ 'config', '--get', 'remote.origin.url' ]
111 silly validateExistingRemote pipobscure/fsevents#7dcdf9fa3f8956610fd6f69f72c67bace2de7138 remote.origin.url: git://github.com/pipobscure/fsevents.git
112 verbose validateExistingRemote pipobscure/fsevents#7dcdf9fa3f8956610fd6f69f72c67bace2de7138 is updating existing cached remote /home/sasidharan/.npm/_git-remotes/git-github-com-pipobscure-fsevents-git-7dcdf9fa3f8956610fd6f69f72c67bace2de7138-40e7e494
113 info git [ 'fetch', '-a', 'origin' ]
114 verbose updateRemote git fetch -a origin (git://github.com/pipobscure/fsevents.git)
115 verbose correctMkdir /home/sasidharan/.npm/_git-remotes correctMkdir not in flight; initializing
116 verbose setPermissions pipobscure/fsevents#7dcdf9fa3f8956610fd6f69f72c67bace2de7138 set permissions on /home/sasidharan/.npm/_git-remotes/git-github-com-pipobscure-fsevents-git-7dcdf9fa3f8956610fd6f69f72c67bace2de7138-40e7e494
117 verbose resolveHead pipobscure/fsevents#7dcdf9fa3f8956610fd6f69f72c67bace2de7138 original treeish: 7dcdf9fa3f8956610fd6f69f72c67bace2de7138
118 info git [ 'rev-list', '-n1', '7dcdf9fa3f8956610fd6f69f72c67bace2de7138' ]
119 silly resolveHead pipobscure/fsevents#7dcdf9fa3f8956610fd6f69f72c67bace2de7138 resolved treeish: 7dcdf9fa3f8956610fd6f69f72c67bace2de7138
120 verbose resolveHead pipobscure/fsevents#7dcdf9fa3f8956610fd6f69f72c67bace2de7138 resolved Git URL: git://github.com/pipobscure/fsevents.git#7dcdf9fa3f8956610fd6f69f72c67bace2de7138
121 silly resolveHead Git working directory: /tmp/npm-12328-662023c9/git-cache-a18ac39a/7dcdf9fa3f8956610fd6f69f72c67bace2de7138
122 info git [ 'clone',
122 info git   '/home/sasidharan/.npm/_git-remotes/git-github-com-pipobscure-fsevents-git-7dcdf9fa3f8956610fd6f69f72c67bace2de7138-40e7e494',
122 info git   '/tmp/npm-12328-662023c9/git-cache-a18ac39a/7dcdf9fa3f8956610fd6f69f72c67bace2de7138' ]
123 verbose cloneResolved pipobscure/fsevents#7dcdf9fa3f8956610fd6f69f72c67bace2de7138 clone Cloning into '/tmp/npm-12328-662023c9/git-cache-a18ac39a/7dcdf9fa3f8956610fd6f69f72c67bace2de7138'...
123 verbose cloneResolved done.
124 info git [ 'checkout', '7dcdf9fa3f8956610fd6f69f72c67bace2de7138' ]
125 verbose checkoutTreeish pipobscure/fsevents#7dcdf9fa3f8956610fd6f69f72c67bace2de7138 checkout Note: checking out '7dcdf9fa3f8956610fd6f69f72c67bace2de7138'.
125 verbose checkoutTreeish
125 verbose checkoutTreeish You are in 'detached HEAD' state. You can look around, make experimental
125 verbose checkoutTreeish changes and commit them, and you can discard any commits you make in this
125 verbose checkoutTreeish state without impacting any branches by performing another checkout.
125 verbose checkoutTreeish
125 verbose checkoutTreeish If you want to create a new branch to retain commits you create, you may
125 verbose checkoutTreeish do so (now or later) by using -b with the checkout command again. Example:
125 verbose checkoutTreeish
125 verbose checkoutTreeish   git checkout -b new_branch_name
125 verbose checkoutTreeish
125 verbose checkoutTreeish HEAD is now at 7dcdf9f... Caught a timing problem
126 info git [ 'submodule', '-q', 'update', '--init', '--recursive' ]
127 verbose updateSubmodules pipobscure/fsevents#7dcdf9fa3f8956610fd6f69f72c67bace2de7138 submodule update
128 verbose addLocalDirectory /home/sasidharan/.npm/fsevents/0.2.1/package.tgz not in flight; packing
129 verbose correctMkdir /home/sasidharan/.npm correctMkdir not in flight; initializing
130 verbose tar pack [ '/home/sasidharan/.npm/fsevents/0.2.1/package.tgz',
130 verbose tar pack   '/tmp/npm-12328-662023c9/git-cache-a18ac39a/7dcdf9fa3f8956610fd6f69f72c67bace2de7138' ]
131 verbose tarball /home/sasidharan/.npm/fsevents/0.2.1/package.tgz
132 verbose folder /tmp/npm-12328-662023c9/git-cache-a18ac39a/7dcdf9fa3f8956610fd6f69f72c67bace2de7138
133 verbose addLocalTarball adding from inside cache /home/sasidharan/.npm/fsevents/0.2.1/package.tgz
134 verbose correctMkdir /home/sasidharan/.npm correctMkdir not in flight; initializing
135 verbose addRemoteGit data._from: pipobscure/fsevents#7dcdf9fa3f8956610fd6f69f72c67bace2de7138
136 verbose addRemoteGit data._resolved: git://github.com/pipobscure/fsevents.git#7dcdf9fa3f8956610fd6f69f72c67bace2de7138
137 silly cache afterAdd fsevents@0.2.1
138 verbose afterAdd /home/sasidharan/.npm/fsevents/0.2.1/package/package.json not in flight; writing
139 verbose correctMkdir /home/sasidharan/.npm correctMkdir not in flight; initializing
140 verbose afterAdd /home/sasidharan/.npm/fsevents/0.2.1/package/package.json written
141 silly resolveWithNewModule fsevents@0.2.1 checking installable status
142 silly loadAllDepsIntoIdealTree Finishing
143 silly loadIdealTree Finishing
144 silly currentTree angular-ui-seed@0.0.0
144 silly currentTree ├── bower@1.7.9
144 silly currentTree ├── fd-slicer@1.0.1
144 silly currentTree ├─┬ http-server@0.6.1
144 silly currentTree │ ├── colors@0.6.2
144 silly currentTree │ ├─┬ ecstatic@0.4.13
144 silly currentTree │ │ ├── ent@0.0.7
144 silly currentTree │ │ ├── mime@1.2.11
144 silly currentTree │ │ └─┬ optimist@0.3.7
144 silly currentTree │ │   └── wordwrap@0.0.3
144 silly currentTree │ ├── opener@1.3.0
144 silly currentTree │ ├─┬ optimist@0.5.2
144 silly currentTree │ │ └── wordwrap@0.0.3
144 silly currentTree │ ├─┬ portfinder@0.2.1
144 silly currentTree │ │ └── mkdirp@0.0.7
144 silly currentTree │ └─┬ union@0.3.8
144 silly currentTree │   ├── pkginfo@0.2.3
144 silly currentTree │   └── qs@0.5.6
144 silly currentTree ├─┬ karma-chrome-launcher@0.1.12
144 silly currentTree │ └─┬ which@1.2.11
144 silly currentTree │   └── isexe@1.1.2
144 silly currentTree ├─┬ karma-coffee-preprocessor@0.1.3
144 silly currentTree │ └─┬ coffee-script@1.7.1
144 silly currentTree │   └── mkdirp@0.3.5
144 silly currentTree ├── karma-firefox-launcher@0.1.7
144 silly currentTree ├── karma-html2js-preprocessor@0.1.0
144 silly currentTree ├── karma-jasmine@0.1.6
144 silly currentTree ├─┬ karma-junit-reporter@0.2.2
144 silly currentTree │ └── xmlbuilder@0.4.2
144 silly currentTree ├─┬ karma-phantomjs-launcher@0.1.4
144 silly currentTree │ └─┬ phantomjs@1.9.20
144 silly currentTree │   ├─┬ extract-zip@1.5.0
144 silly currentTree │   │ ├─┬ concat-stream@1.5.0
144 silly currentTree │   │ │ ├── inherits@2.0.3
144 silly currentTree │   │ │ ├─┬ readable-stream@2.0.6
144 silly currentTree │   │ │ │ ├── core-util-is@1.0.2
144 silly currentTree │   │ │ │ ├── isarray@1.0.0
144 silly currentTree │   │ │ │ ├── process-nextick-args@1.0.7
144 silly currentTree │   │ │ │ ├── string_decoder@0.10.31
144 silly currentTree │   │ │ │ └── util-deprecate@1.0.2
144 silly currentTree │   │ │ └── typedarray@0.0.6
144 silly currentTree │   │ ├── debug@0.7.4
144 silly currentTree │   │ ├─┬ mkdirp@0.5.0
144 silly currentTree │   │ │ └── minimist@0.0.8
144 silly currentTree │   │ └─┬ yauzl@2.4.1
144 silly currentTree │   │   └─┬ fd-slicer@1.0.1
144 silly currentTree │   │     └── pend@1.2.0
144 silly currentTree │   ├─┬ fs-extra@0.26.7
144 silly currentTree │   │ ├── graceful-fs@4.1.9
144 silly currentTree │   │ ├── jsonfile@2.4.0
144 silly currentTree │   │ ├── klaw@1.3.0
144 silly currentTree │   │ ├── path-is-absolute@1.0.1
144 silly currentTree │   │ └─┬ rimraf@2.5.4
144 silly currentTree │   │   └─┬ glob@7.1.0
144 silly currentTree │   │     ├── fs.realpath@1.0.0
144 silly currentTree │   │     ├─┬ inflight@1.0.5
144 silly currentTree │   │     │ └── wrappy@1.0.2
144 silly currentTree │   │     ├── inherits@2.0.3
144 silly currentTree │   │     ├─┬ minimatch@3.0.3
144 silly currentTree │   │     │ └─┬ brace-expansion@1.1.6
144 silly currentTree │   │     │   ├── balanced-match@0.4.2
144 silly currentTree │   │     │   └── concat-map@0.0.1
144 silly currentTree │   │     └─┬ once@1.4.0
144 silly currentTree │   │       └── wrappy@1.0.2
144 silly currentTree │   ├─┬ hasha@2.2.0
144 silly currentTree │   │ ├── is-stream@1.1.0
144 silly currentTree │   │ └─┬ pinkie-promise@2.0.1
144 silly currentTree │   │   └── pinkie@2.0.4
144 silly currentTree │   ├── kew@0.7.0
144 silly currentTree │   ├── progress@1.1.8
144 silly currentTree │   ├─┬ request-progress@2.0.1
144 silly currentTree │   │ └── throttleit@1.0.0
144 silly currentTree │   ├─┬ request@2.67.0
144 silly currentTree │   │ ├── aws-sign2@0.6.0
144 silly currentTree │   │ ├─┬ bl@1.0.3
144 silly currentTree │   │ │ └─┬ readable-stream@2.0.6
144 silly currentTree │   │ │   ├── core-util-is@1.0.2
144 silly currentTree │   │ │   ├── inherits@2.0.3
144 silly currentTree │   │ │   ├── isarray@1.0.0
144 silly currentTree │   │ │   ├── process-nextick-args@1.0.7
144 silly currentTree │   │ │   ├── string_decoder@0.10.31
144 silly currentTree │   │ │   └── util-deprecate@1.0.2
144 silly currentTree │   │ ├── caseless@0.11.0
144 silly currentTree │   │ ├─┬ combined-stream@1.0.5
144 silly currentTree │   │ │ └── delayed-stream@1.0.0
144 silly currentTree │   │ ├── extend@3.0.0
144 silly currentTree │   │ ├── forever-agent@0.6.1
144 silly currentTree │   │ ├─┬ form-data@1.0.1
144 silly currentTree │   │ │ └─┬ async@2.0.1
144 silly currentTree │   │ │   └── lodash@4.16.2
144 silly currentTree │   │ ├─┬ har-validator@2.0.6
144 silly currentTree │   │ │ ├─┬ chalk@1.1.3
144 silly currentTree │   │ │ │ ├── ansi-styles@2.2.1
144 silly currentTree │   │ │ │ ├── escape-string-regexp@1.0.5
144 silly currentTree │   │ │ │ ├─┬ has-ansi@2.0.0
144 silly currentTree │   │ │ │ │ └── ansi-regex@2.0.0
144 silly currentTree │   │ │ │ ├─┬ strip-ansi@3.0.1
144 silly currentTree │   │ │ │ │ └── ansi-regex@2.0.0
144 silly currentTree │   │ │ │ └── supports-color@2.0.0
144 silly currentTree │   │ │ ├─┬ commander@2.9.0
144 silly currentTree │   │ │ │ └── graceful-readlink@1.0.1
144 silly currentTree │   │ │ ├─┬ is-my-json-valid@2.15.0
144 silly currentTree │   │ │ │ ├── generate-function@2.0.0
144 silly currentTree │   │ │ │ ├─┬ generate-object-property@1.2.0
144 silly currentTree │   │ │ │ │ └── is-property@1.0.2
144 silly currentTree │   │ │ │ ├── jsonpointer@4.0.0
144 silly currentTree │   │ │ │ └── xtend@4.0.1
144 silly currentTree │   │ │ └─┬ pinkie-promise@2.0.1
144 silly currentTree │   │ │   └── pinkie@2.0.4
144 silly currentTree │   │ ├─┬ hawk@3.1.3
144 silly currentTree │   │ │ ├── boom@2.10.1
144 silly currentTree │   │ │ ├── cryptiles@2.0.5
144 silly currentTree │   │ │ ├── hoek@2.16.3
144 silly currentTree │   │ │ └── sntp@1.0.9
144 silly currentTree │   │ ├─┬ http-signature@1.1.1
144 silly currentTree │   │ │ ├── assert-plus@0.2.0
144 silly currentTree │   │ │ ├─┬ jsprim@1.3.1
144 silly currentTree │   │ │ │ ├── extsprintf@1.0.2
144 silly currentTree │   │ │ │ ├── json-schema@0.2.3
144 silly currentTree │   │ │ │ └── verror@1.3.6
144 silly currentTree │   │ │ └─┬ sshpk@1.10.1
144 silly currentTree │   │ │   ├── asn1@0.2.3
144 silly currentTree │   │ │   ├── assert-plus@1.0.0
144 silly currentTree │   │ │   ├── bcrypt-pbkdf@1.0.0
144 silly currentTree │   │ │   ├── dashdash@1.14.0
144 silly currentTree │   │ │   ├── ecc-jsbn@0.1.1
144 silly currentTree │   │ │   ├── getpass@0.1.6
144 silly currentTree │   │ │   ├── jodid25519@1.0.2
144 silly currentTree │   │ │   ├── jsbn@0.1.0
144 silly currentTree │   │ │   └── tweetnacl@0.14.3
144 silly currentTree │   │ ├── is-typedarray@1.0.0
144 silly currentTree │   │ ├── isstream@0.1.2
144 silly currentTree │   │ ├── json-stringify-safe@5.0.1
144 silly currentTree │   │ ├─┬ mime-types@2.1.12
144 silly currentTree │   │ │ └── mime-db@1.24.0
144 silly currentTree │   │ ├── node-uuid@1.4.7
144 silly currentTree │   │ ├── oauth-sign@0.8.2
144 silly currentTree │   │ ├── qs@5.2.1
144 silly currentTree │   │ ├── stringstream@0.0.5
144 silly currentTree │   │ ├── tough-cookie@2.2.2
144 silly currentTree │   │ └── tunnel-agent@0.4.3
144 silly currentTree │   └─┬ which@1.2.11
144 silly currentTree │     └── isexe@1.1.2
144 silly currentTree ├── karma-requirejs@0.2.6
144 silly currentTree ├── karma-script-launcher@0.1.0
144 silly currentTree ├─┬ karma@0.10.10
144 silly currentTree │ ├─┬ chokidar@0.8.4
144 silly currentTree │ │ └── recursive-readdir@0.0.2
144 silly currentTree │ ├── coffee-script@1.6.3
144 silly currentTree │ ├── colors@0.6.0-1
144 silly currentTree │ ├─┬ connect@2.8.8
144 silly currentTree │ │ ├── buffer-crc32@0.2.1
144 silly currentTree │ │ ├── bytes@0.2.0
144 silly currentTree │ │ ├── cookie-signature@1.0.1
144 silly currentTree │ │ ├── cookie@0.1.0
144 silly currentTree │ │ ├─┬ debug@2.2.0
144 silly currentTree │ │ │ └── ms@0.7.1
144 silly currentTree │ │ ├── formidable@1.0.14
144 silly currentTree │ │ ├── fresh@0.2.0
144 silly currentTree │ │ ├── methods@0.0.1
144 silly currentTree │ │ ├── pause@0.0.1
144 silly currentTree │ │ ├── qs@0.6.5
144 silly currentTree │ │ ├─┬ send@0.1.4
144 silly currentTree │ │ │ └── range-parser@0.0.4
144 silly currentTree │ │ └── uid2@0.0.2
144 silly currentTree │ ├── di@0.0.1
144 silly currentTree │ ├─┬ glob@3.1.21
144 silly currentTree │ │ └── inherits@1.0.2
144 silly currentTree │ ├── graceful-fs@1.2.3
144 silly currentTree │ ├─┬ http-proxy@0.10.4
144 silly currentTree │ │ ├── colors@0.6.2
144 silly currentTree │ │ ├─┬ optimist@0.6.1
144 silly currentTree │ │ │ ├── minimist@0.0.10
144 silly currentTree │ │ │ └── wordwrap@0.0.3
144 silly currentTree │ │ ├── pkginfo@0.3.1
144 silly currentTree │ │ └─┬ utile@0.2.1
144 silly currentTree │ │   ├── async@0.2.10
144 silly currentTree │ │   ├── deep-equal@1.0.1
144 silly currentTree │ │   ├── i@0.3.5
144 silly currentTree │ │   ├─┬ mkdirp@0.5.1
144 silly currentTree │ │   │ └── minimist@0.0.8
144 silly currentTree │ │   └── ncp@0.4.2
144 silly currentTree │ ├── lodash@1.1.1
144 silly currentTree │ ├─┬ log4js@0.6.38
144 silly currentTree │ │ ├─┬ readable-stream@1.0.34
144 silly currentTree │ │ │ ├── core-util-is@1.0.2
144 silly currentTree │ │ │ ├── inherits@2.0.3
144 silly currentTree │ │ │ ├── isarray@0.0.1
144 silly currentTree │ │ │ └── string_decoder@0.10.31
144 silly currentTree │ │ └── semver@4.3.6
144 silly currentTree │ ├── mime@1.2.11
144 silly currentTree │ ├─┬ minimatch@0.2.14
144 silly currentTree │ │ ├── lru-cache@2.7.3
144 silly currentTree │ │ └── sigmund@1.0.1
144 silly currentTree │ ├─┬ optimist@0.3.7
144 silly currentTree │ │ └── wordwrap@0.0.3
144 silly currentTree │ ├── q@0.9.7
144 silly currentTree │ ├── rimraf@2.1.4
144 silly currentTree │ ├─┬ socket.io@0.9.17
144 silly currentTree │ │ ├── base64id@0.1.0
144 silly currentTree │ │ ├── policyfile@0.0.4
144 silly currentTree │ │ ├── redis@0.7.3
144 silly currentTree │ │ └─┬ socket.io-client@0.9.16
144 silly currentTree │ │   ├─┬ active-x-obfuscator@0.0.1
144 silly currentTree │ │   │ └── zeparser@0.0.5
144 silly currentTree │ │   ├── uglify-js@1.2.5
144 silly currentTree │ │   ├─┬ ws@0.4.32
144 silly currentTree │ │   │ ├── commander@2.1.0
144 silly currentTree │ │   │ ├── nan@1.0.0
144 silly currentTree │ │   │ ├── options@0.0.6
144 silly currentTree │ │   │ └── tinycolor@0.0.1
144 silly currentTree │ │   └── xmlhttprequest@1.4.2
144 silly currentTree │ └─┬ useragent@2.0.10
144 silly currentTree │   └── lru-cache@2.2.4
144 silly currentTree ├── pend@1.2.0
144 silly currentTree ├─┬ protractor@0.20.1
144 silly currentTree │ ├── adm-zip@0.4.7
144 silly currentTree │ ├─┬ glob@7.1.0
144 silly currentTree │ │ ├── fs.realpath@1.0.0
144 silly currentTree │ │ ├─┬ inflight@1.0.5
144 silly currentTree │ │ │ └── wrappy@1.0.2
144 silly currentTree │ │ ├── inherits@2.0.3
144 silly currentTree │ │ ├─┬ minimatch@3.0.3
144 silly currentTree │ │ │ └─┬ brace-expansion@1.1.6
144 silly currentTree │ │ │   ├── balanced-match@0.4.2
144 silly currentTree │ │ │   └── concat-map@0.0.1
144 silly currentTree │ │ ├─┬ once@1.4.0
144 silly currentTree │ │ │ └── wrappy@1.0.2
144 silly currentTree │ │ └── path-is-absolute@1.0.1
144 silly currentTree │ ├── minijasminenode@1.1.1
144 silly currentTree │ ├─┬ optimist@0.6.1
144 silly currentTree │ │ ├── minimist@0.0.10
144 silly currentTree │ │ └── wordwrap@0.0.3
144 silly currentTree │ ├── q@1.0.0
144 silly currentTree │ ├── saucelabs@0.1.1
144 silly currentTree │ └── selenium-webdriver@2.40.0
144 silly currentTree ├── requirejs@2.3.2
144 silly currentTree └── shelljs@0.2.6
145 silly idealTree angular-ui-seed@0.0.0
145 silly idealTree ├── audiolib@0.6.6
145 silly idealTree ├── bower@1.7.9
145 silly idealTree ├── cubeb@0.2.0
145 silly idealTree ├── fd-slicer@1.0.1
145 silly idealTree ├─┬ http-server@0.6.1
145 silly idealTree │ ├── colors@0.6.2
145 silly idealTree │ ├─┬ ecstatic@0.4.13
145 silly idealTree │ │ ├── ent@0.0.7
145 silly idealTree │ │ ├── mime@1.2.11
145 silly idealTree │ │ └─┬ optimist@0.3.7
145 silly idealTree │ │   └── wordwrap@0.0.3
145 silly idealTree │ ├── opener@1.3.0
145 silly idealTree │ ├─┬ optimist@0.5.2
145 silly idealTree │ │ └── wordwrap@0.0.3
145 silly idealTree │ ├─┬ portfinder@0.2.1
145 silly idealTree │ │ └── mkdirp@0.0.7
145 silly idealTree │ └─┬ union@0.3.8
145 silly idealTree │   ├── pkginfo@0.2.3
145 silly idealTree │   └── qs@0.5.6
145 silly idealTree ├─┬ karma-chrome-launcher@0.1.12
145 silly idealTree │ └─┬ which@1.2.11
145 silly idealTree │   └── isexe@1.1.2
145 silly idealTree ├─┬ karma-coffee-preprocessor@0.1.3
145 silly idealTree │ └─┬ coffee-script@1.7.1
145 silly idealTree │   └── mkdirp@0.3.5
145 silly idealTree ├── karma-firefox-launcher@0.1.7
145 silly idealTree ├── karma-html2js-preprocessor@0.1.0
145 silly idealTree ├── karma-jasmine@0.1.6
145 silly idealTree ├─┬ karma-junit-reporter@0.2.2
145 silly idealTree │ └── xmlbuilder@0.4.2
145 silly idealTree ├─┬ karma-phantomjs-launcher@0.1.4
145 silly idealTree │ └─┬ phantomjs@1.9.20
145 silly idealTree │   ├─┬ extract-zip@1.5.0
145 silly idealTree │   │ ├─┬ concat-stream@1.5.0
145 silly idealTree │   │ │ ├── inherits@2.0.3
145 silly idealTree │   │ │ ├─┬ readable-stream@2.0.6
145 silly idealTree │   │ │ │ ├── core-util-is@1.0.2
145 silly idealTree │   │ │ │ ├── isarray@1.0.0
145 silly idealTree │   │ │ │ ├── process-nextick-args@1.0.7
145 silly idealTree │   │ │ │ ├── string_decoder@0.10.31
145 silly idealTree │   │ │ │ └── util-deprecate@1.0.2
145 silly idealTree │   │ │ └── typedarray@0.0.6
145 silly idealTree │   │ ├── debug@0.7.4
145 silly idealTree │   │ ├─┬ mkdirp@0.5.0
145 silly idealTree │   │ │ └── minimist@0.0.8
145 silly idealTree │   │ └─┬ yauzl@2.4.1
145 silly idealTree │   │   └─┬ fd-slicer@1.0.1
145 silly idealTree │   │     └── pend@1.2.0
145 silly idealTree │   ├─┬ fs-extra@0.26.7
145 silly idealTree │   │ ├── graceful-fs@4.1.9
145 silly idealTree │   │ ├── jsonfile@2.4.0
145 silly idealTree │   │ ├── klaw@1.3.0
145 silly idealTree │   │ ├── path-is-absolute@1.0.1
145 silly idealTree │   │ └─┬ rimraf@2.5.4
145 silly idealTree │   │   └─┬ glob@7.1.0
145 silly idealTree │   │     ├── fs.realpath@1.0.0
145 silly idealTree │   │     ├─┬ inflight@1.0.5
145 silly idealTree │   │     │ └── wrappy@1.0.2
145 silly idealTree │   │     ├── inherits@2.0.3
145 silly idealTree │   │     ├─┬ minimatch@3.0.3
145 silly idealTree │   │     │ └─┬ brace-expansion@1.1.6
145 silly idealTree │   │     │   ├── balanced-match@0.4.2
145 silly idealTree │   │     │   └── concat-map@0.0.1
145 silly idealTree │   │     └─┬ once@1.4.0
145 silly idealTree │   │       └── wrappy@1.0.2
145 silly idealTree │   ├─┬ hasha@2.2.0
145 silly idealTree │   │ ├── is-stream@1.1.0
145 silly idealTree │   │ └─┬ pinkie-promise@2.0.1
145 silly idealTree │   │   └── pinkie@2.0.4
145 silly idealTree │   ├── kew@0.7.0
145 silly idealTree │   ├── progress@1.1.8
145 silly idealTree │   ├─┬ request-progress@2.0.1
145 silly idealTree │   │ └── throttleit@1.0.0
145 silly idealTree │   ├─┬ request@2.67.0
145 silly idealTree │   │ ├── aws-sign2@0.6.0
145 silly idealTree │   │ ├─┬ bl@1.0.3
145 silly idealTree │   │ │ └─┬ readable-stream@2.0.6
145 silly idealTree │   │ │   ├── core-util-is@1.0.2
145 silly idealTree │   │ │   ├── inherits@2.0.3
145 silly idealTree │   │ │   ├── isarray@1.0.0
145 silly idealTree │   │ │   ├── process-nextick-args@1.0.7
145 silly idealTree │   │ │   ├── string_decoder@0.10.31
145 silly idealTree │   │ │   └── util-deprecate@1.0.2
145 silly idealTree │   │ ├── caseless@0.11.0
145 silly idealTree │   │ ├─┬ combined-stream@1.0.5
145 silly idealTree │   │ │ └── delayed-stream@1.0.0
145 silly idealTree │   │ ├── extend@3.0.0
145 silly idealTree │   │ ├── forever-agent@0.6.1
145 silly idealTree │   │ ├─┬ form-data@1.0.1
145 silly idealTree │   │ │ └─┬ async@2.0.1
145 silly idealTree │   │ │   └── lodash@4.16.2
145 silly idealTree │   │ ├─┬ har-validator@2.0.6
145 silly idealTree │   │ │ ├─┬ chalk@1.1.3
145 silly idealTree │   │ │ │ ├── ansi-styles@2.2.1
145 silly idealTree │   │ │ │ ├── escape-string-regexp@1.0.5
145 silly idealTree │   │ │ │ ├─┬ has-ansi@2.0.0
145 silly idealTree │   │ │ │ │ └── ansi-regex@2.0.0
145 silly idealTree │   │ │ │ ├─┬ strip-ansi@3.0.1
145 silly idealTree │   │ │ │ │ └── ansi-regex@2.0.0
145 silly idealTree │   │ │ │ └── supports-color@2.0.0
145 silly idealTree │   │ │ ├─┬ commander@2.9.0
145 silly idealTree │   │ │ │ └── graceful-readlink@1.0.1
145 silly idealTree │   │ │ ├─┬ is-my-json-valid@2.15.0
145 silly idealTree │   │ │ │ ├── generate-function@2.0.0
145 silly idealTree │   │ │ │ ├─┬ generate-object-property@1.2.0
145 silly idealTree │   │ │ │ │ └── is-property@1.0.2
145 silly idealTree │   │ │ │ ├── jsonpointer@4.0.0
145 silly idealTree │   │ │ │ └── xtend@4.0.1
145 silly idealTree │   │ │ └─┬ pinkie-promise@2.0.1
145 silly idealTree │   │ │   └── pinkie@2.0.4
145 silly idealTree │   │ ├─┬ hawk@3.1.3
145 silly idealTree │   │ │ ├── boom@2.10.1
145 silly idealTree │   │ │ ├── cryptiles@2.0.5
145 silly idealTree │   │ │ ├── hoek@2.16.3
145 silly idealTree │   │ │ └── sntp@1.0.9
145 silly idealTree │   │ ├─┬ http-signature@1.1.1
145 silly idealTree │   │ │ ├── assert-plus@0.2.0
145 silly idealTree │   │ │ ├─┬ jsprim@1.3.1
145 silly idealTree │   │ │ │ ├── extsprintf@1.0.2
145 silly idealTree │   │ │ │ ├── json-schema@0.2.3
145 silly idealTree │   │ │ │ └── verror@1.3.6
145 silly idealTree │   │ │ └─┬ sshpk@1.10.1
145 silly idealTree │   │ │   ├── asn1@0.2.3
145 silly idealTree │   │ │   ├── assert-plus@1.0.0
145 silly idealTree │   │ │   ├── bcrypt-pbkdf@1.0.0
145 silly idealTree │   │ │   ├── dashdash@1.14.0
145 silly idealTree │   │ │   ├── ecc-jsbn@0.1.1
145 silly idealTree │   │ │   ├── getpass@0.1.6
145 silly idealTree │   │ │   ├── jodid25519@1.0.2
145 silly idealTree │   │ │   ├── jsbn@0.1.0
145 silly idealTree │   │ │   └── tweetnacl@0.14.3
145 silly idealTree │   │ ├── is-typedarray@1.0.0
145 silly idealTree │   │ ├── isstream@0.1.2
145 silly idealTree │   │ ├── json-stringify-safe@5.0.1
145 silly idealTree │   │ ├─┬ mime-types@2.1.12
145 silly idealTree │   │ │ └── mime-db@1.24.0
145 silly idealTree │   │ ├── node-uuid@1.4.7
145 silly idealTree │   │ ├── oauth-sign@0.8.2
145 silly idealTree │   │ ├── qs@5.2.1
145 silly idealTree │   │ ├── stringstream@0.0.5
145 silly idealTree │   │ ├── tough-cookie@2.2.2
145 silly idealTree │   │ └── tunnel-agent@0.4.3
145 silly idealTree │   └─┬ which@1.2.11
145 silly idealTree │     └── isexe@1.1.2
145 silly idealTree ├── karma-requirejs@0.2.6
145 silly idealTree ├── karma-script-launcher@0.1.0
145 silly idealTree ├─┬ karma@0.10.10
145 silly idealTree │ ├─┬ chokidar@0.8.4
145 silly idealTree │ │ └── recursive-readdir@0.0.2
145 silly idealTree │ ├── coffee-script@1.6.3
145 silly idealTree │ ├── colors@0.6.0-1
145 silly idealTree │ ├─┬ connect@2.8.8
145 silly idealTree │ │ ├── buffer-crc32@0.2.1
145 silly idealTree │ │ ├── bytes@0.2.0
145 silly idealTree │ │ ├── cookie-signature@1.0.1
145 silly idealTree │ │ ├── cookie@0.1.0
145 silly idealTree │ │ ├─┬ debug@2.2.0
145 silly idealTree │ │ │ └── ms@0.7.1
145 silly idealTree │ │ ├── formidable@1.0.14
145 silly idealTree │ │ ├── fresh@0.2.0
145 silly idealTree │ │ ├── methods@0.0.1
145 silly idealTree │ │ ├── pause@0.0.1
145 silly idealTree │ │ ├── qs@0.6.5
145 silly idealTree │ │ ├─┬ send@0.1.4
145 silly idealTree │ │ │ └── range-parser@0.0.4
145 silly idealTree │ │ └── uid2@0.0.2
145 silly idealTree │ ├── di@0.0.1
145 silly idealTree │ ├─┬ glob@3.1.21
145 silly idealTree │ │ └── inherits@1.0.2
145 silly idealTree │ ├── graceful-fs@1.2.3
145 silly idealTree │ ├─┬ http-proxy@0.10.4
145 silly idealTree │ │ ├── colors@0.6.2
145 silly idealTree │ │ ├─┬ optimist@0.6.1
145 silly idealTree │ │ │ ├── minimist@0.0.10
145 silly idealTree │ │ │ └── wordwrap@0.0.3
145 silly idealTree │ │ ├── pkginfo@0.3.1
145 silly idealTree │ │ └─┬ utile@0.2.1
145 silly idealTree │ │   ├── async@0.2.10
145 silly idealTree │ │   ├── deep-equal@1.0.1
145 silly idealTree │ │   ├── i@0.3.5
145 silly idealTree │ │   ├─┬ mkdirp@0.5.1
145 silly idealTree │ │   │ └── minimist@0.0.8
145 silly idealTree │ │   └── ncp@0.4.2
145 silly idealTree │ ├── lodash@1.1.1
145 silly idealTree │ ├─┬ log4js@0.6.38
145 silly idealTree │ │ ├─┬ readable-stream@1.0.34
145 silly idealTree │ │ │ ├── core-util-is@1.0.2
145 silly idealTree │ │ │ ├── inherits@2.0.3
145 silly idealTree │ │ │ ├── isarray@0.0.1
145 silly idealTree │ │ │ └── string_decoder@0.10.31
145 silly idealTree │ │ └── semver@4.3.6
145 silly idealTree │ ├── mime@1.2.11
145 silly idealTree │ ├─┬ minimatch@0.2.14
145 silly idealTree │ │ ├── lru-cache@2.7.3
145 silly idealTree │ │ └── sigmund@1.0.1
145 silly idealTree │ ├─┬ optimist@0.3.7
145 silly idealTree │ │ └── wordwrap@0.0.3
145 silly idealTree │ ├── q@0.9.7
145 silly idealTree │ ├── rimraf@2.1.4
145 silly idealTree │ ├─┬ socket.io@0.9.17
145 silly idealTree │ │ ├── base64id@0.1.0
145 silly idealTree │ │ ├── policyfile@0.0.4
145 silly idealTree │ │ ├── redis@0.7.3
145 silly idealTree │ │ └─┬ socket.io-client@0.9.16
145 silly idealTree │ │   ├─┬ active-x-obfuscator@0.0.1
145 silly idealTree │ │   │ └── zeparser@0.0.5
145 silly idealTree │ │   ├── uglify-js@1.2.5
145 silly idealTree │ │   ├─┬ ws@0.4.32
145 silly idealTree │ │   │ ├── commander@2.1.0
145 silly idealTree │ │   │ ├── nan@1.0.0
145 silly idealTree │ │   │ ├── options@0.0.6
145 silly idealTree │ │   │ └── tinycolor@0.0.1
145 silly idealTree │ │   └── xmlhttprequest@1.4.2
145 silly idealTree │ └─┬ useragent@2.0.10
145 silly idealTree │   └── lru-cache@2.2.4
145 silly idealTree ├── pend@1.2.0
145 silly idealTree ├─┬ protractor@0.20.1
145 silly idealTree │ ├── adm-zip@0.4.7
145 silly idealTree │ ├─┬ glob@7.1.0
145 silly idealTree │ │ ├── fs.realpath@1.0.0
145 silly idealTree │ │ ├─┬ inflight@1.0.5
145 silly idealTree │ │ │ └── wrappy@1.0.2
145 silly idealTree │ │ ├── inherits@2.0.3
145 silly idealTree │ │ ├─┬ minimatch@3.0.3
145 silly idealTree │ │ │ └─┬ brace-expansion@1.1.6
145 silly idealTree │ │ │   ├── balanced-match@0.4.2
145 silly idealTree │ │ │   └── concat-map@0.0.1
145 silly idealTree │ │ ├─┬ once@1.4.0
145 silly idealTree │ │ │ └── wrappy@1.0.2
145 silly idealTree │ │ └── path-is-absolute@1.0.1
145 silly idealTree │ ├── minijasminenode@1.1.1
145 silly idealTree │ ├─┬ optimist@0.6.1
145 silly idealTree │ │ ├── minimist@0.0.10
145 silly idealTree │ │ └── wordwrap@0.0.3
145 silly idealTree │ ├── q@1.0.0
145 silly idealTree │ ├── saucelabs@0.1.1
145 silly idealTree │ └── selenium-webdriver@2.40.0
145 silly idealTree ├── requirejs@2.3.2
145 silly idealTree └── shelljs@0.2.6
146 silly generateActionsToTake Starting
147 silly install generateActionsToTake
148 silly generateActionsToTake Finishing
149 silly diffTrees action count 2
150 silly diffTrees add cubeb@0.2.0
151 silly diffTrees add audiolib@0.6.6
152 silly decomposeActions action count 16
153 silly decomposeActions fetch cubeb@0.2.0
154 silly decomposeActions extract cubeb@0.2.0
155 silly decomposeActions test cubeb@0.2.0
156 silly decomposeActions preinstall cubeb@0.2.0
157 silly decomposeActions build cubeb@0.2.0
158 silly decomposeActions install cubeb@0.2.0
159 silly decomposeActions postinstall cubeb@0.2.0
160 silly decomposeActions finalize cubeb@0.2.0
161 silly decomposeActions fetch audiolib@0.6.6
162 silly decomposeActions extract audiolib@0.6.6
163 silly decomposeActions test audiolib@0.6.6
164 silly decomposeActions preinstall audiolib@0.6.6
165 silly decomposeActions build audiolib@0.6.6
166 silly decomposeActions install audiolib@0.6.6
167 silly decomposeActions postinstall audiolib@0.6.6
168 silly decomposeActions finalize audiolib@0.6.6
169 silly runTopLevelLifecycles Starting
170 silly executeActions Starting
171 silly install executeActions
172 silly doSerial global-install 0
173 silly doParallel fetch 2
174 verbose correctMkdir /home/sasidharan/.npm/_locks correctMkdir not in flight; initializing
175 verbose lock using /home/sasidharan/.npm/_locks/staging-85468fb0cdcfefc1.lock for /home/sasidharan/Documents/Projects/Screener/Client/screenerApp/node_modules/.staging
176 silly doParallel extract 2
177 silly extract cubeb@0.2.0
178 silly extract audiolib@0.6.6
179 verbose unbuild node_modules/.staging/cubeb-68afbaa0
180 verbose unbuild node_modules/.staging/audiolib-716ddb90
181 silly gentlyRm /home/sasidharan/Documents/Projects/Screener/Client/screenerApp/node_modules/.staging/cubeb-68afbaa0 is being purged from base /home/sasidharan/Documents/Projects/Screener/Client/screenerApp
182 verbose gentlyRm don't care about contents; nuking /home/sasidharan/Documents/Projects/Screener/Client/screenerApp/node_modules/.staging/cubeb-68afbaa0
183 verbose tar unpack /home/sasidharan/.npm/cubeb/0.2.0/package.tgz
184 verbose tar unpacking to /home/sasidharan/Documents/Projects/Screener/Client/screenerApp/node_modules/.staging/cubeb-68afbaa0
185 silly gentlyRm /home/sasidharan/Documents/Projects/Screener/Client/screenerApp/node_modules/.staging/cubeb-68afbaa0 is being purged
186 verbose gentlyRm don't care about contents; nuking /home/sasidharan/Documents/Projects/Screener/Client/screenerApp/node_modules/.staging/cubeb-68afbaa0
187 silly gunzTarPerm modes [ '755', '644' ]
188 silly gentlyRm /home/sasidharan/Documents/Projects/Screener/Client/screenerApp/node_modules/.staging/audiolib-716ddb90 is being purged from base /home/sasidharan/Documents/Projects/Screener/Client/screenerApp
189 verbose gentlyRm don't care about contents; nuking /home/sasidharan/Documents/Projects/Screener/Client/screenerApp/node_modules/.staging/audiolib-716ddb90
190 verbose tar unpack /home/sasidharan/.npm/audiolib/0.6.6/package.tgz
191 verbose tar unpacking to /home/sasidharan/Documents/Projects/Screener/Client/screenerApp/node_modules/.staging/audiolib-716ddb90
192 silly gentlyRm /home/sasidharan/Documents/Projects/Screener/Client/screenerApp/node_modules/.staging/audiolib-716ddb90 is being purged
193 verbose gentlyRm don't care about contents; nuking /home/sasidharan/Documents/Projects/Screener/Client/screenerApp/node_modules/.staging/audiolib-716ddb90
194 silly gunzTarPerm modes [ '755', '644' ]
195 silly gunzTarPerm extractEntry package.json
196 silly gunzTarPerm extractEntry package.json
197 silly gunzTarPerm extractEntry .npmignore
198 silly gunzTarPerm extractEntry README.md
199 silly gunzTarPerm extractEntry .npmignore
200 silly gunzTarPerm extractEntry README.md
201 silly gunzTarPerm extractEntry .travis.yml
202 silly gunzTarPerm extractEntry binding.gyp
203 silly gunzTarPerm extractEntry dependencies/build-scripts/builder-context.js
204 silly gunzTarPerm extractEntry dependencies/build-scripts/get-minifiers.js
205 silly gunzTarPerm extractEntry src/common.cpp
206 silly gunzTarPerm extractEntry src/common.h
207 silly gunzTarPerm extractEntry src/constants.cpp
208 silly gunzTarPerm extractEntry src/constants.h
209 silly gunzTarPerm extractEntry src/context.cpp
210 silly gunzTarPerm extractEntry src/context.h
211 silly gunzTarPerm extractEntry dependencies/build-scripts/index.js
212 silly gunzTarPerm extractEntry src/module.cpp
213 silly gunzTarPerm extractEntry src/stream.cpp
214 silly gunzTarPerm extractEntry src/stream.h
215 silly gunzTarPerm extractEntry tests/constants.js
216 silly gunzTarPerm extractEntry tests/sine-tone.js
217 silly gunzTarPerm extractEntry tests/tools/testing.js
218 silly gunzTarPerm extractEntry INSTALL.md
219 silly gunzTarPerm extractEntry .gitmodules
220 silly gunzTarPerm extractEntry build
221 silly gunzTarPerm extractEntry BUILD.md
222 silly gunzTarPerm extractEntry lib/audiolib.js
223 silly gunzTarPerm extractEntry Gruntfile.coffee
224 silly gunzTarPerm extractEntry plugins/audioscheduler.js
225 silly gunzTarPerm extractEntry plugins/empty.js
226 silly gunzTarPerm extractEntry plugins/expo.js
227 silly gunzTarPerm extractEntry plugins/fastlowpassfilter.js
228 silly gunzTarPerm extractEntry plugins/capper.js
229 silly gunzTarPerm extractEntry plugins/loop-sequencer.js
230 silly gunzTarPerm extractEntry plugins/midieventtracker.js
231 silly gunzTarPerm extractEntry plugins/n-sampleallpassfilter.js
232 silly gentlyRm /home/sasidharan/Documents/Projects/Screener/Client/screenerApp/node_modules/.staging/cubeb-68afbaa0/node_modules is being purged
233 verbose gentlyRm don't care about contents; nuking /home/sasidharan/Documents/Projects/Screener/Client/screenerApp/node_modules/.staging/cubeb-68afbaa0/node_modules
234 silly gunzTarPerm extractEntry plugins/pluck.js
235 silly gunzTarPerm extractEntry plugins/recorder.js
236 silly gunzTarPerm extractEntry plugins/granular-sampler.js
237 silly gunzTarPerm extractEntry specs/codecs.md
238 silly gunzTarPerm extractEntry specs/effects.md
239 silly gunzTarPerm extractEntry specs/generators.md
240 silly gunzTarPerm extractEntry src/wrapper-start.js
241 silly gunzTarPerm extractEntry src/api-buffer-effect.js
242 silly gunzTarPerm extractEntry src/api-codec.js
243 silly gunzTarPerm extractEntry src/api-effect.js
244 silly gunzTarPerm extractEntry src/api-frequency-response.js
245 silly gunzTarPerm extractEntry src/api-generator.js
246 silly gunzTarPerm extractEntry src/api-automation.js
247 silly gunzTarPerm extractEntry src/wrapper-end.js
248 silly gunzTarPerm extractEntry src/api-plugin.js
249 silly gunzTarPerm extractEntry src/effects/biquad.js
250 silly gunzTarPerm extractEntry src/effects/combfilter.js
251 silly gunzTarPerm extractEntry src/effects/compressor.js
252 silly gunzTarPerm extractEntry src/effects/convolution.js
253 silly gunzTarPerm extractEntry src/effects/chorus.js
254 silly gunzTarPerm extractEntry src/effects/distortion.js
255 silly gunzTarPerm extractEntry src/effects/freeverb.js
256 silly gunzTarPerm extractEntry src/effects/gain.js
257 silly gunzTarPerm extractEntry src/effects/iirfilter.js
258 silly gunzTarPerm extractEntry src/effects/limiter.js
259 silly gunzTarPerm extractEntry src/effects/bitcrusher.js
260 silly gunzTarPerm extractEntry src/effects/lp12filter.js
261 silly gunzTarPerm extractEntry src/effects/delay.js
262 silly gunzTarPerm extractEntry src/generators/noise.js
263 silly gunzTarPerm extractEntry src/generators/oscillator.js
264 silly gunzTarPerm extractEntry src/generators/sampler.js
265 silly gunzTarPerm extractEntry src/io/audioworker.js
266 silly gunzTarPerm extractEntry src/io/pcmdata.js
267 silly gunzTarPerm extractEntry src/io/sink.js
268 silly gunzTarPerm extractEntry src/processors/amplitude.js
269 silly gunzTarPerm extractEntry src/processors/fft.js
270 silly gunzTarPerm extractEntry src/controls/adsr.js
271 silly gunzTarPerm extractEntry src/controls/stepsequencer.js
272 silly gunzTarPerm extractEntry src/controls/uicontrol.js
273 silly gunzTarPerm extractEntry src/.tern-port
274 silly gunzTarPerm extractEntry templates/package.json
275 silly gunzTarPerm extractEntry templates/wrapper-end.js
276 silly gunzTarPerm extractEntry templates/wrapper-start.js
277 silly gunzTarPerm extractEntry templates/docs/docs.js
278 silly gunzTarPerm extractEntry templates/docs/docs.css
279 silly gunzTarPerm extractEntry templates/docs/docs.html
280 silly gunzTarPerm extractEntry templates/variables.json
281 silly gunzTarPerm extractEntry tests/node-record.js
282 silly gunzTarPerm extractEntry tests/granular-sampler.html
283 silly gunzTarPerm extractEntry tests/automation.html
284 silly gunzTarPerm extractEntry tests/backgroundwork.html
285 silly gunzTarPerm extractEntry tests/biquad.html
286 silly gunzTarPerm extractEntry tests/bitcrusher.html
287 silly gunzTarPerm extractEntry tests/bufferbased.html
288 silly gunzTarPerm extractEntry tests/buffergenerators.html
289 silly gunzTarPerm extractEntry tests/common/common.js
290 silly gunzTarPerm extractEntry tests/compressor.html
291 silly gunzTarPerm extractEntry tests/convolution.html
292 silly gunzTarPerm extractEntry tests/distortion.html
293 silly gunzTarPerm extractEntry tests/drum-sampler.html
294 silly gunzTarPerm extractEntry tests/fft.html
295 silly gunzTarPerm extractEntry tests/frequency-response.html
296 silly gunzTarPerm extractEntry tests/audioworker.html
297 silly gunzTarPerm extractEntry tests/limiter.html
298 silly gunzTarPerm extractEntry tests/loop-sequencer.html
299 silly gunzTarPerm extractEntry tests/adsr.html
300 silly gunzTarPerm extractEntry tests/noise.html
301 silly gunzTarPerm extractEntry tests/nonscheduling.html
302 silly gunzTarPerm extractEntry tests/osc.html
303 silly gunzTarPerm extractEntry tests/pluck.htm
304 silly gunzTarPerm extractEntry tests/preprocessing.html
305 silly gunzTarPerm extractEntry tests/record.html
306 silly gunzTarPerm extractEntry tests/recorder.html
307 silly gunzTarPerm extractEntry tests/reverb.html
308 silly gunzTarPerm extractEntry tests/sampler.html
309 silly gunzTarPerm extractEntry tests/samples/drum-samples.js
310 silly gunzTarPerm extractEntry tests/samples/freeverb.js
311 silly gunzTarPerm extractEntry tests/scheduling.html
312 silly gunzTarPerm extractEntry tests/stepsequencer.html
313 silly gentlyRm /home/sasidharan/Documents/Projects/Screener/Client/screenerApp/node_modules/.staging/audiolib-716ddb90/node_modules is being purged
314 verbose gentlyRm don't care about contents; nuking /home/sasidharan/Documents/Projects/Screener/Client/screenerApp/node_modules/.staging/audiolib-716ddb90/node_modules
315 silly doParallel preinstall 2
316 silly preinstall cubeb@0.2.0 /home/sasidharan/Documents/Projects/Screener/Client/screenerApp/node_modules/.staging/cubeb-68afbaa0
317 info lifecycle cubeb@0.2.0~preinstall: cubeb@0.2.0
318 silly preinstall audiolib@0.6.6 /home/sasidharan/Documents/Projects/Screener/Client/screenerApp/node_modules/.staging/audiolib-716ddb90
319 info lifecycle audiolib@0.6.6~preinstall: audiolib@0.6.6
320 silly lifecycle cubeb@0.2.0~preinstall: no script for preinstall, continuing
321 silly lifecycle audiolib@0.6.6~preinstall: no script for preinstall, continuing
322 silly doReverseSerial remove 0
323 silly doSerial move 0
324 silly doSerial finalize 2
325 silly finalize /home/sasidharan/Documents/Projects/Screener/Client/screenerApp/node_modules/cubeb
326 silly finalize /home/sasidharan/Documents/Projects/Screener/Client/screenerApp/node_modules/audiolib
327 silly doSerial build 2
328 silly build cubeb@0.2.0
329 info linkStuff cubeb@0.2.0
330 silly linkStuff cubeb@0.2.0 has /home/sasidharan/Documents/Projects/Screener/Client/screenerApp/node_modules as its parent node_modules
331 verbose linkBins cubeb@0.2.0
332 verbose linkMans cubeb@0.2.0
333 silly build audiolib@0.6.6
334 info linkStuff audiolib@0.6.6
335 silly linkStuff audiolib@0.6.6 has /home/sasidharan/Documents/Projects/Screener/Client/screenerApp/node_modules as its parent node_modules
336 verbose linkBins audiolib@0.6.6
337 verbose linkMans audiolib@0.6.6
338 silly doSerial global-link 0
339 silly doParallel update-linked 0
340 silly doSerial install 2
341 silly install cubeb@0.2.0 /home/sasidharan/Documents/Projects/Screener/Client/screenerApp/node_modules/.staging/cubeb-68afbaa0
342 info lifecycle cubeb@0.2.0~install: cubeb@0.2.0
343 verbose lifecycle cubeb@0.2.0~install: unsafe-perm in lifecycle false
344 verbose lifecycle cubeb@0.2.0~install: PATH: /usr/local/lib/node_modules/npm/bin/node-gyp-bin:/home/sasidharan/Documents/Projects/Screener/Client/screenerApp/node_modules/cubeb/node_modules/.bin:/home/sasidharan/Documents/Projects/Screener/Client/screenerApp/node_modules/.bin:/usr/local/sbin:/usr/local/bin:/usr/sbin:/usr/bin:/sbin:/bin:/snap/bin
345 verbose lifecycle cubeb@0.2.0~install: CWD: /home/sasidharan/Documents/Projects/Screener/Client/screenerApp/node_modules/cubeb
346 silly lifecycle cubeb@0.2.0~install: Args: [ '-c', 'node-gyp rebuild' ]
347 silly lifecycle cubeb@0.2.0~install: Returned: code: 1  signal: null
348 info lifecycle cubeb@0.2.0~install: Failed to exec install script
349 verbose unlock done using /home/sasidharan/.npm/_locks/staging-85468fb0cdcfefc1.lock for /home/sasidharan/Documents/Projects/Screener/Client/screenerApp/node_modules/.staging
350 silly rollbackFailedOptional Starting
351 silly rollbackFailedOptional Finishing
352 silly runTopLevelLifecycles Finishing
353 silly install printInstalled
354 warn optional SKIPPING OPTIONAL DEPENDENCY: fsevents@github:pipobscure/fsevents#7dcdf9fa3f8956610fd6f69f72c67bace2de7138 (node_modules/karma/node_modules/chokidar/node_modules/fsevents):
355 warn notsup SKIPPING OPTIONAL DEPENDENCY: Unsupported platform for fsevents@0.2.1: wanted {"os":"darwin","arch":"any"} (current: {"os":"linux","arch":"x64"})
356 verbose notsup SKIPPING OPTIONAL DEPENDENCY: Valid OS:    darwin
356 verbose notsup SKIPPING OPTIONAL DEPENDENCY: Valid Arch:  any
356 verbose notsup SKIPPING OPTIONAL DEPENDENCY: Actual OS:   linux
356 verbose notsup SKIPPING OPTIONAL DEPENDENCY: Actual Arch: x64
357 verbose stack Error: cubeb@0.2.0 install: `node-gyp rebuild`
357 verbose stack Exit status 1
357 verbose stack     at EventEmitter.<anonymous> (/usr/local/lib/node_modules/npm/lib/utils/lifecycle.js:255:16)
357 verbose stack     at emitTwo (events.js:87:13)
357 verbose stack     at EventEmitter.emit (events.js:172:7)
357 verbose stack     at ChildProcess.<anonymous> (/usr/local/lib/node_modules/npm/lib/utils/spawn.js:40:14)
357 verbose stack     at emitTwo (events.js:87:13)
357 verbose stack     at ChildProcess.emit (events.js:172:7)
357 verbose stack     at maybeClose (internal/child_process.js:829:16)
357 verbose stack     at Process.ChildProcess._handle.onexit (internal/child_process.js:211:5)
358 verbose pkgid cubeb@0.2.0
359 verbose cwd /home/sasidharan/Documents/Projects/Screener/Client/screenerApp
360 error Linux 3.13.0-61-generic
361 error argv "/usr/local/bin/node" "/usr/local/bin/npm" "install" "audiolib" "--save"
362 error node v4.5.0
363 error npm  v3.10.8
364 error code ELIFECYCLE
365 error cubeb@0.2.0 install: `node-gyp rebuild`
365 error Exit status 1
366 error Failed at the cubeb@0.2.0 install script 'node-gyp rebuild'.
366 error Make sure you have the latest version of node.js and npm installed.
366 error If you do, this is most likely a problem with the cubeb package,
366 error not with npm itself.
366 error Tell the author that this fails on your system:
366 error     node-gyp rebuild
366 error You can get information on how to open an issue for this project with:
366 error     npm bugs cubeb
366 error Or if that isn't available, you can get their info via:
366 error     npm owner ls cubeb
366 error There is likely additional logging output above.
367 verbose exit [ 1, true ]
